<?xml version="1.0" encoding="UTF-8"?>
<!-- Generated by org.testng.reporters.JUnitXMLReporter -->
<testsuite hostname="Kushal" name="Test" tests="9" failures="0" timestamp="5 May 2020 08:26:15 GMT" time="216.41" errors="0">
  <testcase name="A_InvalidUserName" time="12.299" classname="com.salesforce.automation.TestCase_A_Login_DevAcc"/>
  <testcase name="B_InvalidPassword" time="3.174" classname="com.salesforce.automation.TestCase_A_Login_DevAcc"/>
  <testcase name="C_ValidLogin" time="41.209" classname="com.salesforce.automation.TestCase_A_Login_DevAcc"/>
  <testcase name="D_ValidateLandingPageIsLightening" time="4.087" classname="com.salesforce.automation.TestCase_B_Salesforce_CheckUI"/>
  <testcase name="E_ValidateSwitchToLightening" time="41.575" classname="com.salesforce.automation.TestCase_B_Salesforce_CheckUI"/>
  <testcase name="F_ValidateAppChange" time="20.97" classname="com.salesforce.automation.TestCase_C_Account_Contact_Case"/>
  <testcase name="G_ValidateAccountCreation" time="17.274" classname="com.salesforce.automation.TestCase_C_Account_Contact_Case"/>
  <testcase name="H_ValidateContactCreation" time="11.669" classname="com.salesforce.automation.TestCase_C_Account_Contact_Case"/>
  <testcase name="I_ValidateCaseCreation" time="22.101" classname="com.salesforce.automation.TestCase_C_Account_Contact_Case"/>
</testsuite> <!-- Test -->
