<?xml version="1.0" encoding="UTF-8"?>
<!-- Generated by org.testng.reporters.JUnitXMLReporter -->
<testsuite hostname="Kushal" ignored="2" name="Test" tests="1" failures="0" timestamp="23 May 2020 15:04:57 GMT" time="73.505" errors="0">
  <testcase name="C_ValidLogin" time="44.747" classname="com.salesforce.automation.TestCase_A_Login_DevAcc"/>
  <testcase name="A_InvalidUserName" time="0.0" classname="com.salesforce.automation.TestCase_A_Login_DevAcc">
    <ignored/>
  </testcase> <!-- A_InvalidUserName -->
  <testcase name="B_InvalidPassword" time="0.0" classname="com.salesforce.automation.TestCase_A_Login_DevAcc">
    <ignored/>
  </testcase> <!-- B_InvalidPassword -->
</testsuite> <!-- Test -->
